<?xml version="1.0" encoding="UTF-8"?>
<!-- Generated by org.testng.reporters.JUnitReportReporter -->
<testsuite skipped="0" hostname="MP183YEK190617" name="com.w2a.testcases.MasterClass" tests="1" failures="0" timestamp="21 Aug 2019 04:01:54 GMT" time="0.029" errors="0">
  <testcase name="demo" time="0.029" classname="com.w2a.testcases.MasterClass"/>
</testsuite> <!-- com.w2a.testcases.MasterClass -->
