<?xml version="1.0" encoding="UTF-8"?>
<!-- Generated by org.testng.reporters.JUnitReportReporter -->
<testsuite skipped="1" hostname="MP183YEK190617" name="com.w2a.testcases.BankManagerLoginTest" tests="1" failures="0" timestamp="21 Aug 2019 03:48:15 GMT" time="0.000" errors="0">
  <testcase name="bankManagerLoginTest" time="0.000" classname="com.w2a.testcases.BankManagerLoginTest">
    <skipped/>
  </testcase> <!-- bankManagerLoginTest -->
</testsuite> <!-- com.w2a.testcases.BankManagerLoginTest -->
